[debug] [2024-02-11T19:20:45.977Z] ----------------------------------------------------------------------
[debug] [2024-02-11T19:20:45.979Z] Command:       C:\Program Files\nodejs\node.exe C:\Users\User\AppData\Roaming\npm\node_modules\firebase-tools\lib\bin\firebase.js init
[debug] [2024-02-11T19:20:45.980Z] CLI Version:   13.2.1
[debug] [2024-02-11T19:20:45.980Z] Platform:      win32
[debug] [2024-02-11T19:20:45.980Z] Node Version:  v20.10.0
[debug] [2024-02-11T19:20:45.980Z] Time:          Mon Feb 12 2024 00:50:45 GMT+0530 (India Standard Time)
[debug] [2024-02-11T19:20:45.980Z] ----------------------------------------------------------------------
[debug] 
[debug] [2024-02-11T19:20:45.984Z] > command requires scopes: ["email","openid","https://www.googleapis.com/auth/cloudplatformprojects.readonly","https://www.googleapis.com/auth/firebase","https://www.googleapis.com/auth/cloud-platform"]
[debug] [2024-02-11T19:20:45.985Z] > authorizing via signed-in user (mriganka.s.sarkar@gmail.com)
[info] 
     ######## #### ########  ######## ########     ###     ######  ########
     ##        ##  ##     ## ##       ##     ##  ##   ##  ##       ##
     ######    ##  ########  ######   ########  #########  ######  ######
     ##        ##  ##    ##  ##       ##     ## ##     ##       ## ##
     ##       #### ##     ## ######## ########  ##     ##  ######  ########

You're about to initialize a Firebase project in this directory:

  C:\Users\User\Desktop\ng-test\pwa-tutorial

[info] 
=== Project Setup
[info] 
[info] First, let's associate this project directory with a Firebase project.
[info] You can create multiple project aliases by running firebase use --add, 
[info] but for now we'll just set up a default project.
[info] 
[debug] [2024-02-11T19:20:58.745Z] >>> [apiv2][query] GET https://firebase.googleapis.com/v1beta1/projects pageSize=100
[debug] [2024-02-11T19:20:59.672Z] <<< [apiv2][status] GET https://firebase.googleapis.com/v1beta1/projects 200
[debug] [2024-02-11T19:20:59.672Z] <<< [apiv2][body] GET https://firebase.googleapis.com/v1beta1/projects [omitted]
[info] i  Using project food-ninja-pwa-549e0 (food ninja pwa) 
[info] 
=== Hosting Setup
[debug] [2024-02-11T19:21:04.857Z] >>> [apiv2][query] GET https://firebase.googleapis.com/v1beta1/projects/food-ninja-pwa-549e0 [none]
[debug] [2024-02-11T19:21:05.495Z] <<< [apiv2][status] GET https://firebase.googleapis.com/v1beta1/projects/food-ninja-pwa-549e0 200
[debug] [2024-02-11T19:21:05.496Z] <<< [apiv2][body] GET https://firebase.googleapis.com/v1beta1/projects/food-ninja-pwa-549e0 {"projectId":"food-ninja-pwa-549e0","projectNumber":"108342218286","displayName":"food ninja pwa","name":"projects/food-ninja-pwa-549e0","resources":{"hostingSite":"food-ninja-pwa-549e0"},"state":"ACTIVE","etag":"1_e7818e0e-7654-4c8e-abd3-5a088463431c"}
[info] 
[info] Your public directory is the folder (relative to your project directory) that
[info] will contain Hosting assets to be uploaded with firebase deploy. If you
[info] have a build process for your assets, use your build's output directory.
[info] 
